3
operations: 1 25 ml
operations: 1 18 ml
operations: 2 50 ml
operations: 2 43 ml
operations: 2 7 ml
operations: 2 36 ml
operations: 3 75 ml
operations: 3 68 ml
operations: 3 32 ml
operations: 3 61 ml
3
operations: 1 25 ml
operations: 1 18 ml
operations: 1 14 ml
operations: 2 50 ml
operations: 2 43 ml
operations: 2 7 ml
operations: 2 39 ml
operations: 2 11 ml
operations: 2 36 ml
operations: 2 32 ml
operations: 2 4 ml
operations: 2 28 ml
operations: 3 75 ml
4
operations: 1 18 ml
operations: 1 14 ml
operations: 2 36 ml
operations: 2 32 ml
operations: 2 4 ml
operations: 2 28 ml
operations: 3 54 ml
operations: 3 50 ml
operations: 3 22 ml
operations: 3 46 ml
operations: 3 10 ml
operations: 3 42 ml
3
operations: 1 18 ml
operations: 1 14 ml
operations: 1 8 ml
operations: 2 36 ml
operations: 2 32 ml
operations: 2 4 ml
operations: 2 26 ml
operations: 2 10 ml
operations: 2 28 ml
operations: 2 22 ml
operations: 2 6 ml
operations: 2 16 ml
operations: 3 54 ml
operations: 3 50 ml
operations: 3 44 ml
operations: 3 46 ml
operations: 3 40 ml
operations: 3 24 ml
operations: 3 12 ml
operations: 3 34 ml
operations: 3 2 ml
2
operations: 1 18 ml
operations: 1 14 ml
operations: 1 10 ml
operations: 2 36 ml
operations: 2 32 ml
operations: 2 4 ml
2
operations: 1 18 ml
operations: 1 14 ml
operations: 1 10 ml
operations: 2 36 ml
operations: 2 32 ml
operations: 2 4 ml
operations: 2 28 ml
3
operations: 1 10 ml
operations: 1 27 ml
operations: 1 26 ml
operations: 2 20 ml
operations: 2 37 ml
operations: 2 36 ml
operations: 2 17 ml
operations: 2 54 ml
operations: 2 53 ml
operations: 2 1 ml
operations: 2 16 ml
operations: 2 52 ml
operations: 3 30 ml
operations: 3 47 ml
operations: 3 46 ml
operations: 3 64 ml
operations: 3 63 ml
operations: 3 11 ml
operations: 3 9 ml
operations: 3 62 ml
operations: 3 7 ml
operations: 3 44 ml
operations: 3 43 ml
operations: 3 81 ml
operations: 3 80 ml
operations: 3 28 ml
operations: 3 79 ml
operations: 3 6 ml
operations: 3 42 ml
operations: 3 25 ml
2
operations: 1 10 ml
operations: 1 27 ml
operations: 1 12 ml
operations: 2 20 ml
operations: 2 37 ml
operations: 2 22 ml
3
operations: 1 27 ml
operations: 1 12 ml
operations: 2 54 ml
operations: 2 39 ml
operations: 2 15 ml
operations: 2 24 ml
operations: 3 81 ml
operations: 3 66 ml
operations: 3 42 ml
operations: 3 51 ml
operations: 3 3 ml
4
operations: 1 27 ml
operations: 1 23 ml
operations: 2 54 ml
operations: 2 50 ml
operations: 2 4 ml
operations: 2 46 ml
operations: 3 81 ml
operations: 3 77 ml
operations: 3 31 ml
operations: 3 73 ml
operations: 3 19 ml
operations: 3 69 ml
operations: 4 108 ml
4
operations: 1 27 ml
operations: 1 23 ml
operations: 2 54 ml
operations: 2 50 ml
operations: 2 4 ml
operations: 2 46 ml
operations: 3 81 ml
operations: 3 77 ml
operations: 3 31 ml
operations: 3 73 ml
operations: 3 19 ml
operations: 3 69 ml
operations: 4 108 ml
5
operations: 1 27 ml
operations: 1 23 ml
operations: 2 54 ml
operations: 2 50 ml
operations: 2 4 ml
operations: 2 46 ml
operations: 3 81 ml
operations: 3 77 ml
operations: 3 31 ml
operations: 3 73 ml
operations: 3 19 ml
operations: 3 69 ml
operations: 4 108 ml
operations: 4 104 ml
operations: 4 58 ml
operations: 4 100 ml
operations: 4 8 ml
operations: 4 96 ml
operations: 4 42 ml
operations: 4 92 ml
operations: 5 135 ml
operations: 5 131 ml
operations: 5 85 ml
3
operations: 1 27 ml
operations: 1 23 ml
operations: 1 1 ml
operations: 2 54 ml
operations: 2 50 ml
operations: 2 4 ml
operations: 2 28 ml
operations: 2 26 ml
operations: 2 46 ml
operations: 2 24 ml
operations: 2 22 ml
operations: 2 2 ml
operations: 3 81 ml
operations: 3 77 ml
operations: 3 31 ml
operations: 3 55 ml
operations: 3 53 ml
operations: 3 73 ml
operations: 3 51 ml
operations: 3 49 ml
operations: 3 5 ml
operations: 3 3 ml
operations: 3 29 ml
3
operations: 1 27 ml
operations: 1 23 ml
operations: 1 1 ml
operations: 2 54 ml
operations: 2 50 ml
operations: 2 4 ml
operations: 2 28 ml
operations: 2 26 ml
operations: 2 46 ml
operations: 2 24 ml
operations: 2 22 ml
operations: 2 2 ml
operations: 3 81 ml
operations: 3 77 ml
operations: 3 31 ml
operations: 3 55 ml
operations: 3 53 ml
operations: 3 73 ml
operations: 3 51 ml
operations: 3 49 ml
operations: 3 5 ml
operations: 3 3 ml
operations: 3 29 ml
operations: 3 25 ml
operations: 3 19 ml
operations: 3 69 ml
operations: 3 47 ml
operations: 3 45 ml
4
operations: 1 23 ml
operations: 1 1 ml
operations: 1 7 ml
operations: 1 3 ml
operations: 2 46 ml
operations: 2 24 ml
operations: 2 22 ml
operations: 2 30 ml
operations: 2 16 ml
operations: 2 26 ml
operations: 2 20 ml
operations: 2 2 ml
operations: 2 8 ml
operations: 2 4 ml
operations: 2 6 ml
operations: 2 14 ml
operations: 2 10 ml
operations: 3 69 ml
operations: 3 47 ml
operations: 3 45 ml
operations: 3 53 ml
operations: 3 39 ml
operations: 3 49 ml
operations: 3 43 ml
operations: 3 25 ml
operations: 3 31 ml
operations: 3 17 ml
operations: 3 27 ml
operations: 3 21 ml
operations: 3 29 ml
operations: 3 15 ml
operations: 3 19 ml
operations: 3 37 ml
operations: 3 33 ml
operations: 3 9 ml
operations: 3 13 ml
operations: 3 5 ml
operations: 3 11 ml
operations: 4 92 ml
operations: 4 70 ml
operations: 4 68 ml
operations: 4 76 ml
operations: 4 62 ml
operations: 4 72 ml
operations: 4 66 ml
operations: 4 48 ml
operations: 4 54 ml
operations: 4 40 ml
operations: 4 50 ml
operations: 4 44 ml
2
operations: 1 23 ml
operations: 1 1 ml
operations: 1 7 ml
operations: 1 3 ml
operations: 1 21 ml
operations: 1 6 ml
operations: 1 17 ml
operations: 2 46 ml
operations: 2 24 ml
operations: 2 22 ml
operations: 2 30 ml
operations: 2 16 ml
operations: 2 26 ml
operations: 2 20 ml
operations: 2 44 ml
operations: 2 2 ml
operations: 2 29 ml
operations: 2 40 ml
operations: 2 8 ml
operations: 2 4 ml
operations: 2 18 ml
operations: 2 14 ml
operations: 2 10 ml
operations: 2 28 ml
operations: 2 13 ml
operations: 2 9 ml
operations: 2 42 ml
operations: 2 27 ml
2
operations: 1 23 ml
operations: 1 3 ml
operations: 1 21 ml
operations: 1 17 ml
operations: 1 16 ml
operations: 2 46 ml
operations: 2 26 ml
operations: 2 20 ml
operations: 2 44 ml
operations: 2 2 ml
operations: 2 40 ml
operations: 2 6 ml
operations: 2 39 ml
operations: 2 7 ml
2
operations: 1 23 ml
operations: 1 21 ml
operations: 1 17 ml
operations: 1 16 ml
operations: 1 4 ml
operations: 2 46 ml
operations: 2 44 ml
operations: 2 2 ml
operations: 2 40 ml
2
operations: 1 17 ml
operations: 1 16 ml
operations: 1 4 ml
operations: 2 34 ml
operations: 2 33 ml
3
operations: 1 17 ml
operations: 1 4 ml
operations: 1 22 ml
operations: 2 34 ml
operations: 2 21 ml
operations: 2 13 ml
operations: 2 39 ml
operations: 2 8 ml
operations: 2 26 ml
operations: 2 5 ml
operations: 2 18 ml
operations: 2 44 ml
operations: 3 51 ml
operations: 3 38 ml
operations: 3 30 ml
operations: 3 56 ml
operations: 3 12 ml
operations: 3 25 ml
operations: 3 43 ml
operations: 3 9 ml
operations: 3 35 ml
operations: 3 61 ml
3
operations: 1 17 ml
operations: 1 4 ml
operations: 1 15 ml
operations: 2 34 ml
operations: 2 21 ml
operations: 2 13 ml
operations: 2 32 ml
operations: 2 2 ml
operations: 2 8 ml
operations: 2 19 ml
operations: 2 11 ml
operations: 2 30 ml
operations: 3 51 ml
